<?xml version="1.0" encoding="UTF-8"?>
<testsuite name="Cucumber" time="56.51" tests="1" skipped="0" failures="1" errors="0">
<testcase classname="To automate the creation, log in and delation of an account in automationexercise" name="To be in &quot;home&quot; in automationexercise site" time="56.381">
<failure type="org.openqa.selenium.NoSuchElementException" message="no such element: Unable to locate element: {&quot;method&quot;:&quot;xpath&quot;,&quot;selector&quot;:&quot;//b[text()='Account Deleted!']&quot;}
  (Session info: chrome=117.0.5938.92)
For documentation on this error, please visit: https://www.selenium.dev/documentation/webdriver/troubleshooting/errors#no-such-element-exception
Build info: version: '4.12.1', revision: '8e34639b11'
System info: os.name: 'Windows 11', os.arch: 'amd64', os.version: '10.0', java.version: '20.0.2'
Driver info: org.openqa.selenium.chrome.ChromeDriver
Command: [4922074ba5f6215ee1b7d373c5587a58, findElement {using=xpath, value=//b[text()='Account Deleted!']}]
Capabilities {acceptInsecureCerts: false, browserName: chrome, browserVersion: 117.0.5938.92, chrome: {chromedriverVersion: 117.0.5938.92 (67649b10b92b..., userDataDir: C:\Users\wolf-\AppData\Loca...}, fedcm:accounts: true, goog:chromeOptions: {debuggerAddress: localhost:58067}, networkConnectionEnabled: false, pageLoadStrategy: normal, platformName: windows, proxy: Proxy(), se:cdp: ws://localhost:58067/devtoo..., se:cdpVersion: 117.0.5938.92, setWindowRect: true, strictFileInteractability: false, timeouts: {implicit: 0, pageLoad: 300000, script: 30000}, unhandledPromptBehavior: dismiss and notify, webauthn:extension:credBlob: true, webauthn:extension:largeBlob: true, webauthn:extension:minPinLength: true, webauthn:extension:prf: true, webauthn:virtualAuthenticators: true}
Session ID: 4922074ba5f6215ee1b7d373c5587a58">
<![CDATA[org.openqa.selenium.NoSuchElementException: no such element: Unable to locate element: {"method":"xpath","selector":"//b[text()='Account Deleted!']"}
  (Session info: chrome=117.0.5938.92)
For documentation on this error, please visit: https://www.selenium.dev/documentation/webdriver/troubleshooting/errors#no-such-element-exception
Build info: version: '4.12.1', revision: '8e34639b11'
System info: os.name: 'Windows 11', os.arch: 'amd64', os.version: '10.0', java.version: '20.0.2'
Driver info: org.openqa.selenium.chrome.ChromeDriver
Command: [4922074ba5f6215ee1b7d373c5587a58, findElement {using=xpath, value=//b[text()='Account Deleted!']}]
Capabilities {acceptInsecureCerts: false, browserName: chrome, browserVersion: 117.0.5938.92, chrome: {chromedriverVersion: 117.0.5938.92 (67649b10b92b..., userDataDir: C:\Users\wolf-\AppData\Loca...}, fedcm:accounts: true, goog:chromeOptions: {debuggerAddress: localhost:58067}, networkConnectionEnabled: false, pageLoadStrategy: normal, platformName: windows, proxy: Proxy(), se:cdp: ws://localhost:58067/devtoo..., se:cdpVersion: 117.0.5938.92, setWindowRect: true, strictFileInteractability: false, timeouts: {implicit: 0, pageLoad: 300000, script: 30000}, unhandledPromptBehavior: dismiss and notify, webauthn:extension:credBlob: true, webauthn:extension:largeBlob: true, webauthn:extension:minPinLength: true, webauthn:extension:prf: true, webauthn:virtualAuthenticators: true}
Session ID: 4922074ba5f6215ee1b7d373c5587a58
	at java.base/jdk.internal.reflect.DirectConstructorHandleAccessor.newInstance(DirectConstructorHandleAccessor.java:67)
	at java.base/java.lang.reflect.Constructor.newInstanceWithCaller(Constructor.java:500)
	at java.base/java.lang.reflect.Constructor.newInstance(Constructor.java:484)
	at org.openqa.selenium.remote.codec.w3c.W3CHttpResponseCodec.createException(W3CHttpResponseCodec.java:200)
	at org.openqa.selenium.remote.codec.w3c.W3CHttpResponseCodec.decode(W3CHttpResponseCodec.java:133)
	at org.openqa.selenium.remote.codec.w3c.W3CHttpResponseCodec.decode(W3CHttpResponseCodec.java:52)
	at org.openqa.selenium.remote.HttpCommandExecutor.execute(HttpCommandExecutor.java:191)
	at org.openqa.selenium.remote.service.DriverCommandExecutor.invokeExecute(DriverCommandExecutor.java:196)
	at org.openqa.selenium.remote.service.DriverCommandExecutor.execute(DriverCommandExecutor.java:171)
	at org.openqa.selenium.remote.RemoteWebDriver.execute(RemoteWebDriver.java:602)
	at org.openqa.selenium.remote.ElementLocation$ElementFinder$2.findElement(ElementLocation.java:165)
	at org.openqa.selenium.remote.ElementLocation.findElement(ElementLocation.java:59)
	at org.openqa.selenium.remote.RemoteWebDriver.findElement(RemoteWebDriver.java:359)
	at org.openqa.selenium.remote.RemoteWebDriver.findElement(RemoteWebDriver.java:353)
	at org.openqa.selenium.support.pagefactory.DefaultElementLocator.findElement(DefaultElementLocator.java:68)
	at org.openqa.selenium.support.pagefactory.internal.LocatingElementHandler.invoke(LocatingElementHandler.java:38)
	at jdk.proxy2/jdk.proxy2.$Proxy38.getText(Unknown Source)
	at pageFactory.HomePage.verifyAccountDeleteText(HomePage.java:152)
	at steps.MyStepDefsChallenge.validateThatACCOUNTDELETEDMessageIsVisible(MyStepDefsChallenge.java:171)
	at ✽.Validate that ACCOUNT DELETED message is visible(file:///C:/Users/wolf-/Documents/ChallengeMod/AutomationChallenge-main/ChallengeMarlonC/ChallengeExercise/src/test/java/Features/AutomationExercise.feature:28)
]]>
</failure>
<system-out><![CDATA[
Given the user launches the automationexercise site.........................passed
When the user clicks the home page option in the navbar.....................passed
Then Verify that home page is visible successfully..........................passed
When the user clicks on the Signup / Login button...........................passed
Then to Validate the ‘New User Sign up’ message is visible..................passed
Then Validate that the email field in the signup only accepts correct format emails.passed
And Type in "name" and "email" on the Sign up Form..........................passed
And the user clicks on the Sign up button...................................passed
Then to validate the ‘ENTER ACCOUNT INFORMATION’ Message is visible.........passed
Then Fill the details for the registration form.............................passed
And Validate the account created message being visible......................passed
And Validate the -Logged in as username- being visible......................passed
Then the user clicks on the button log out..................................passed
And Validate the Login to your account message is visible...................passed
Then Validate with incorrect data, that the login will not pass without correct email and password.passed
And Validate that the email field in the login page has to have format AtDomaindotcom.passed
And enter the email and password user before to log in......................passed
Then click on the Login button..............................................passed
And validate that Logged in as username is visible..........................passed
Then Click on the Delete account button.....................................passed
And Validate that ACCOUNT DELETED message is visible........................failed
]]></system-out>
</testcase>
</testsuite>
